
/home/runner/work/exp-signal-synthesis-iiith/exp-signal-synthesis-iiith/experiment/simulation/js/main.js
     3:5    warning  'k' is defined but never used                no-unused-vars
     4:5    warning  'p' is defined but never used                no-unused-vars
     5:5    warning  'sigChoice' is defined but never used        no-unused-vars
     6:5    warning  'scaleChoice' is defined but never used      no-unused-vars
     7:5    warning  'delayChoice' is defined but never used      no-unused-vars
     8:5    warning  'boxChoice' is defined but never used        no-unused-vars
     9:5    warning  'yValues' is defined but never used          no-unused-vars
    10:5    warning  'inValues' is defined but never used         no-unused-vars
    17:10   warning  'openPart' is defined but never used         no-unused-vars
    47:10   warning  'add_field' is defined but never used        no-unused-vars
    58:10   warning  'remove_field' is defined but never used     no-unused-vars
    88:10   warning  'fourier' is defined but never used          no-unused-vars
    94:19   warning  'math' is not defined                        no-undef
    97:19   warning  'math' is not defined                        no-undef
    97:33   warning  'math' is not defined                        no-undef
    97:59   warning  'math' is not defined                        no-undef
    99:12   warning  'math' is not defined                        no-undef
   101:24   warning  'math' is not defined                        no-undef
   101:39   warning  'math' is not defined                        no-undef
   104:12   warning  'math' is not defined                        no-undef
   106:17   warning  'sum1' is already defined                    no-redeclare
   106:24   warning  'math' is not defined                        no-undef
   106:37   warning  'math' is not defined                        no-undef
   114:10   warning  'invFourier' is defined but never used       no-unused-vars
   120:19   warning  'math' is not defined                        no-undef
   123:19   warning  'math' is not defined                        no-undef
   123:32   warning  'math' is not defined                        no-undef
   123:45   warning  'math' is not defined                        no-undef
   123:96   warning  'math' is not defined                        no-undef
   123:145  warning  'math' is not defined                        no-undef
   123:196  warning  'math' is not defined                        no-undef
   125:12   warning  'math' is not defined                        no-undef
   127:24   warning  'math' is not defined                        no-undef
   127:39   warning  'math' is not defined                        no-undef
   130:12   warning  'math' is not defined                        no-undef
   132:17   warning  'sum1' is already defined                    no-redeclare
   132:24   warning  'math' is not defined                        no-undef
   132:37   warning  'math' is not defined                        no-undef
   140:10   warning  'shift' is defined but never used            no-unused-vars
   148:13   warning  'i' is already defined                       no-redeclare
   160:5    warning  'f0' is assigned a value but never used      no-unused-vars
   224:5    warning  'Plotly' is not defined                      no-undef
   235:13   warning  'update' is already defined                  no-redeclare
   241:5    warning  'Plotly' is not defined                      no-undef
   312:10   warning  'playTone' is defined but never used         no-unused-vars
   380:13   warning  'i' is already defined                       no-redeclare
   406:5    warning  'Plotly' is not defined                      no-undef
   417:13   warning  'update' is already defined                  no-redeclare
   423:5    warning  'Plotly' is not defined                      no-undef
   462:13   warning  'o' is already defined                       no-redeclare
   506:5    warning  'Fs' is not defined                          no-undef
   519:25   warning  'Fs' is not defined                          no-undef
   520:38   warning  'Fs' is not defined                          no-undef
   521:27   warning  'Fs' is not defined                          no-undef
   533:17   warning  'i' is already defined                       no-redeclare
   544:13   warning  'i' is already defined                       no-redeclare
   574:13   warning  'layout' is already defined                  no-redeclare
   587:13   warning  'layout' is already defined                  no-redeclare
   599:5    warning  'Plotly' is not defined                      no-undef
   610:13   warning  'update' is already defined                  no-redeclare
   616:5    warning  'Plotly' is not defined                      no-undef
   620:10   warning  'windowing' is defined but never used        no-unused-vars
   623:5    warning  'Fs' is not defined                          no-undef
   636:25   warning  'Fs' is not defined                          no-undef
   637:38   warning  'Fs' is not defined                          no-undef
   638:27   warning  'Fs' is not defined                          no-undef
   650:17   warning  'i' is already defined                       no-redeclare
   661:13   warning  'i' is already defined                       no-redeclare
   691:13   warning  'layout' is already defined                  no-redeclare
   704:13   warning  'layout' is already defined                  no-redeclare
   716:5    warning  'Plotly' is not defined                      no-undef
   727:13   warning  'update' is already defined                  no-redeclare
   733:5    warning  'Plotly' is not defined                      no-undef
   736:21   warning  'Fs' is not defined                          no-undef
   744:9    warning  'volume' is assigned a value but never used  no-unused-vars
   748:20   warning  'Fs' is not defined                          no-undef
   754:13   warning  'i' is already defined                       no-redeclare
   754:24   warning  'Fs' is not defined                          no-undef
   759:51   warning  'Fs' is not defined                          no-undef
   764:14   warning  'i' is already defined                       no-redeclare
   764:25   warning  'Fs' is not defined                          no-undef
   765:27   warning  'Fs' is not defined                          no-undef
   769:13   warning  'i' is already defined                       no-redeclare
   769:20   warning  'Fs' is not defined                          no-undef
   779:13   warning  'i' is already defined                       no-redeclare
   779:20   warning  'Fs' is not defined                          no-undef
   792:17   warning  'i' is already defined                       no-redeclare
   803:13   warning  'i' is already defined                       no-redeclare
   814:9    warning  'volume' is assigned a value but never used  no-unused-vars
   818:20   warning  'Fs' is not defined                          no-undef
   824:13   warning  'i' is already defined                       no-redeclare
   824:24   warning  'Fs' is not defined                          no-undef
   829:51   warning  'Fs' is not defined                          no-undef
   834:14   warning  'i' is already defined                       no-redeclare
   834:25   warning  'Fs' is not defined                          no-undef
   835:27   warning  'Fs' is not defined                          no-undef
   839:13   warning  'i' is already defined                       no-redeclare
   839:20   warning  'Fs' is not defined                          no-undef
   849:13   warning  'i' is already defined                       no-redeclare
   849:20   warning  'Fs' is not defined                          no-undef
   862:17   warning  'i' is already defined                       no-redeclare
   873:13   warning  'i' is already defined                       no-redeclare
   884:5    warning  'Fs' is not defined                          no-undef
   898:9    warning  'volume' is assigned a value but never used  no-unused-vars
   902:20   warning  'Fs' is not defined                          no-undef
   908:13   warning  'i' is already defined                       no-redeclare
   908:24   warning  'Fs' is not defined                          no-undef
   913:51   warning  'Fs' is not defined                          no-undef
   918:14   warning  'i' is already defined                       no-redeclare
   918:25   warning  'Fs' is not defined                          no-undef
   919:27   warning  'Fs' is not defined                          no-undef
   923:13   warning  'i' is already defined                       no-redeclare
   923:20   warning  'Fs' is not defined                          no-undef
   933:13   warning  'i' is already defined                       no-redeclare
   933:20   warning  'Fs' is not defined                          no-undef
   946:17   warning  'i' is already defined                       no-redeclare
   957:13   warning  'i' is already defined                       no-redeclare
   963:9    warning  'xValues' is already defined                 no-redeclare
   986:5    warning  'Plotly' is not defined                      no-undef
   997:13   warning  'update' is already defined                  no-redeclare
  1003:5    warning  'Plotly' is not defined                      no-undef
  1006:10   warning  'harmonics' is defined but never used        no-unused-vars
  1009:5    warning  'Fs' is not defined                          no-undef
  1023:9    warning  'volume' is assigned a value but never used  no-unused-vars
  1027:20   warning  'Fs' is not defined                          no-undef
  1033:13   warning  'i' is already defined                       no-redeclare
  1033:24   warning  'Fs' is not defined                          no-undef
  1038:51   warning  'Fs' is not defined                          no-undef
  1043:14   warning  'i' is already defined                       no-redeclare
  1043:25   warning  'Fs' is not defined                          no-undef
  1044:27   warning  'Fs' is not defined                          no-undef
  1048:13   warning  'i' is already defined                       no-redeclare
  1048:20   warning  'Fs' is not defined                          no-undef
  1058:13   warning  'i' is already defined                       no-redeclare
  1058:20   warning  'Fs' is not defined                          no-undef
  1071:17   warning  'i' is already defined                       no-redeclare
  1082:13   warning  'i' is already defined                       no-redeclare
  1087:21   warning  'Fs' is not defined                          no-undef
  1090:9    warning  'xValues' is already defined                 no-redeclare
  1113:5    warning  'Plotly' is not defined                      no-undef
  1124:13   warning  'update' is already defined                  no-redeclare
  1130:5    warning  'Plotly' is not defined                      no-undef
  1135:10   warning  'dynTones' is defined but never used         no-unused-vars
  1170:25   warning  'j' is already defined                       no-redeclare
  1178:22   warning  'j' is already defined                       no-redeclare
  1183:21   warning  'j' is already defined                       no-redeclare
  1193:21   warning  'j' is already defined                       no-redeclare
  1206:25   warning  'j' is already defined                       no-redeclare
  1216:21   warning  'j' is already defined                       no-redeclare

✖ 149 problems (0 errors, 149 warnings)

